<?xml version="1.0" encoding="UTF-8"?>
<!-- Generated by org.testng.reporters.JUnitReportReporter -->
<testsuite skipped="0" hostname="DESKTOP-AEJL1M7" name="com.codepractice.CrossBrowser" tests="2" failures="0" timestamp="22 Oct 2020 19:59:01 GMT" time="16.936" errors="0">
  <testcase name="getBrowser" time="7.434" classname="com.codepractice.CrossBrowser"/>
  <testcase name="getBrowser" time="9.502" classname="com.codepractice.CrossBrowser"/>
</testsuite> <!-- com.codepractice.CrossBrowser -->
