<?xml version="1.0" encoding="UTF-8"?>
<!-- Generated by org.testng.reporters.JUnitReportReporter -->
<testsuite skipped="0" hostname="DESKTOP-AEJL1M7" name="com.codepractice.CrossbrowserTest" tests="2" failures="0" timestamp="07 Nov 2020 18:07:13 GMT" time="15.544" errors="0">
  <testcase name="SampleCrossBrowser" time="5.810" classname="com.codepractice.CrossbrowserTest"/>
  <testcase name="SampleCrossBrowser" time="9.734" classname="com.codepractice.CrossbrowserTest"/>
</testsuite> <!-- com.codepractice.CrossbrowserTest -->
