<?xml version="1.0" encoding="UTF-8"?>
<!-- Generated by org.testng.reporters.JUnitReportReporter -->
<testsuite skipped="0" hostname="DESKTOP-AEJL1M7" name="com.testrunner.TestRunner" tests="1" failures="0" timestamp="07 Nov 2020 17:11:34 GMT" time="10.678" errors="0">
  <testcase name="feature" time="10.678" classname="com.testrunner.TestRunner"/>
</testsuite> <!-- com.testrunner.TestRunner -->
